{"/Users/emmanuelmoulin/Documents/Projets/Ecole/Lead Dev/Archive/app/form_validator.js": {"path":"/Users/emmanuelmoulin/Documents/Projets/Ecole/Lead Dev/Archive/app/form_validator.js","statementMap":{"0":{"start":{"line":3,"column":34},"end":{"line":3,"column":50}},"1":{"start":{"line":4,"column":2},"end":{"line":4,"column":45}},"2":{"start":{"line":8,"column":2},"end":{"line":8,"column":44}},"3":{"start":{"line":12,"column":2},"end":{"line":12,"column":68}},"4":{"start":{"line":15,"column":0},"end":{"line":19,"column":2}}},"fnMap":{"0":{"name":"isValidCommaDelimitedList","decl":{"start":{"line":1,"column":9},"end":{"line":1,"column":34}},"loc":{"start":{"line":1,"column":42},"end":{"line":5,"column":1}},"line":1},"1":{"name":"isValidTagmode","decl":{"start":{"line":7,"column":9},"end":{"line":7,"column":23}},"loc":{"start":{"line":7,"column":31},"end":{"line":9,"column":1}},"line":7},"2":{"name":"hasValidFlickrAPIParams","decl":{"start":{"line":11,"column":9},"end":{"line":11,"column":32}},"loc":{"start":{"line":11,"column":48},"end":{"line":13,"column":1}},"line":11}},"branchMap":{"0":{"loc":{"start":{"line":8,"column":9},"end":{"line":8,"column":43}},"type":"binary-expr","locations":[{"start":{"line":8,"column":9},"end":{"line":8,"column":24}},{"start":{"line":8,"column":28},"end":{"line":8,"column":43}}],"line":8},"1":{"loc":{"start":{"line":12,"column":9},"end":{"line":12,"column":67}},"type":"binary-expr","locations":[{"start":{"line":12,"column":9},"end":{"line":12,"column":40}},{"start":{"line":12,"column":44},"end":{"line":12,"column":67}}],"line":12}},"s":{"0":10,"1":10,"2":7,"3":6,"4":2},"f":{"0":10,"1":7,"2":6},"b":{"0":[7,3],"1":[6,4]},"_coverageSchema":"1a1c01bbd47fc00a2c39e90264f33305004495a9","hash":"5e8896853a3e91d745f208bae1b37523a6650663"}
,"/Users/emmanuelmoulin/Documents/Projets/Ecole/Lead Dev/Archive/app/jobs.js": {"path":"/Users/emmanuelmoulin/Documents/Projets/Ecole/Lead Dev/Archive/app/jobs.js","statementMap":{"0":{"start":{"line":1,"column":22},"end":{"line":1,"column":24}},"1":{"start":{"line":3,"column":0},"end":{"line":13,"column":2}},"2":{"start":{"line":5,"column":4},"end":{"line":5,"column":35}},"3":{"start":{"line":8,"column":4},"end":{"line":8,"column":31}},"4":{"start":{"line":11,"column":4},"end":{"line":11,"column":33}}},"fnMap":{"0":{"name":"(anonymous_0)","decl":{"start":{"line":4,"column":19},"end":{"line":4,"column":20}},"loc":{"start":{"line":4,"column":39},"end":{"line":6,"column":3}},"line":4},"1":{"name":"(anonymous_1)","decl":{"start":{"line":7,"column":14},"end":{"line":7,"column":15}},"loc":{"start":{"line":7,"column":24},"end":{"line":9,"column":3}},"line":7},"2":{"name":"(anonymous_2)","decl":{"start":{"line":10,"column":19},"end":{"line":10,"column":20}},"loc":{"start":{"line":10,"column":29},"end":{"line":12,"column":3}},"line":10}},"branchMap":{},"s":{"0":1,"1":1,"2":0,"3":1,"4":0},"f":{"0":0,"1":1,"2":0},"b":{},"_coverageSchema":"1a1c01bbd47fc00a2c39e90264f33305004495a9","hash":"48d430fbdf86db1a3e651dbfeba3cc46ee9fa90b"}
,"/Users/emmanuelmoulin/Documents/Projets/Ecole/Lead Dev/Archive/app/jsonp_helper.js": {"path":"/Users/emmanuelmoulin/Documents/Projets/Ecole/Lead Dev/Archive/app/jsonp_helper.js","statementMap":{"0":{"start":{"line":2,"column":2},"end":{"line":14,"column":3}},"1":{"start":{"line":3,"column":21},"end":{"line":3,"column":44}},"2":{"start":{"line":4,"column":19},"end":{"line":4,"column":46}},"3":{"start":{"line":5,"column":21},"end":{"line":5,"column":66}},"4":{"start":{"line":8,"column":4},"end":{"line":8,"column":49}},"5":{"start":{"line":10,"column":4},"end":{"line":10,"column":34}},"6":{"start":{"line":12,"column":18},"end":{"line":12,"column":76}},"7":{"start":{"line":13,"column":4},"end":{"line":13,"column":16}},"8":{"start":{"line":17,"column":0},"end":{"line":19,"column":2}}},"fnMap":{"0":{"name":"parseJSONP","decl":{"start":{"line":1,"column":9},"end":{"line":1,"column":19}},"loc":{"start":{"line":1,"column":31},"end":{"line":15,"column":1}},"line":1}},"branchMap":{},"s":{"0":5,"1":5,"2":5,"3":5,"4":5,"5":5,"6":2,"7":2,"8":4},"f":{"0":5},"b":{},"_coverageSchema":"1a1c01bbd47fc00a2c39e90264f33305004495a9","hash":"46b7cd1e1c9d20a4658a9e8cc2440c391aec663c"}
,"/Users/emmanuelmoulin/Documents/Projets/Ecole/Lead Dev/Archive/app/photo_model.js": {"path":"/Users/emmanuelmoulin/Documents/Projets/Ecole/Lead Dev/Archive/app/photo_model.js","statementMap":{"0":{"start":{"line":1,"column":12},"end":{"line":1,"column":26}},"1":{"start":{"line":2,"column":20},"end":{"line":2,"column":42}},"2":{"start":{"line":3,"column":20},"end":{"line":3,"column":45}},"3":{"start":{"line":6,"column":13},"end":{"line":6,"column":69}},"4":{"start":{"line":8,"column":18},"end":{"line":8,"column":81}},"5":{"start":{"line":10,"column":2},"end":{"line":19,"column":5}},"6":{"start":{"line":11,"column":22},"end":{"line":11,"column":59}},"7":{"start":{"line":13,"column":4},"end":{"line":16,"column":7}},"8":{"start":{"line":14,"column":6},"end":{"line":14,"column":64}},"9":{"start":{"line":15,"column":6},"end":{"line":15,"column":64}},"10":{"start":{"line":18,"column":4},"end":{"line":18,"column":27}},"11":{"start":{"line":22,"column":0},"end":{"line":24,"column":2}}},"fnMap":{"0":{"name":"getFlickrPhotos","decl":{"start":{"line":5,"column":9},"end":{"line":5,"column":24}},"loc":{"start":{"line":5,"column":40},"end":{"line":20,"column":1}},"line":5},"1":{"name":"(anonymous_1)","decl":{"start":{"line":10,"column":39},"end":{"line":10,"column":40}},"loc":{"start":{"line":10,"column":51},"end":{"line":19,"column":3}},"line":10},"2":{"name":"(anonymous_2)","decl":{"start":{"line":13,"column":28},"end":{"line":13,"column":29}},"loc":{"start":{"line":13,"column":37},"end":{"line":16,"column":5}},"line":13}},"branchMap":{},"s":{"0":3,"1":3,"2":3,"3":3,"4":3,"5":3,"6":2,"7":1,"8":2,"9":2,"10":1,"11":3},"f":{"0":3,"1":2,"2":2},"b":{},"_coverageSchema":"1a1c01bbd47fc00a2c39e90264f33305004495a9","hash":"840439096600b7419f89a0a8a7243e8ef95f319c"}
,"/Users/emmanuelmoulin/Documents/Projets/Ecole/Lead Dev/Archive/app/producer.js": {"path":"/Users/emmanuelmoulin/Documents/Projets/Ecole/Lead Dev/Archive/app/producer.js","statementMap":{"0":{"start":{"line":1,"column":0},"end":{"line":1,"column":27}},"1":{"start":{"line":2,"column":19},"end":{"line":2,"column":50}},"2":{"start":{"line":4,"column":18},"end":{"line":4,"column":30}},"3":{"start":{"line":5,"column":21},"end":{"line":5,"column":46}},"4":{"start":{"line":8,"column":20},"end":{"line":8,"column":55}},"5":{"start":{"line":9,"column":20},"end":{"line":9,"column":40}},"6":{"start":{"line":11,"column":21},"end":{"line":11,"column":58}},"7":{"start":{"line":13,"column":2},"end":{"line":22,"column":3}},"8":{"start":{"line":14,"column":22},"end":{"line":16,"column":43}},"9":{"start":{"line":17,"column":4},"end":{"line":17,"column":73}},"10":{"start":{"line":18,"column":4},"end":{"line":18,"column":21}},"11":{"start":{"line":20,"column":4},"end":{"line":20,"column":76}},"12":{"start":{"line":21,"column":4},"end":{"line":21,"column":16}},"13":{"start":{"line":25,"column":0},"end":{"line":27,"column":2}}},"fnMap":{"0":{"name":"publishMessage","decl":{"start":{"line":7,"column":15},"end":{"line":7,"column":29}},"loc":{"start":{"line":7,"column":36},"end":{"line":23,"column":1}},"line":7}},"branchMap":{"0":{"loc":{"start":{"line":8,"column":20},"end":{"line":8,"column":55}},"type":"binary-expr","locations":[{"start":{"line":8,"column":20},"end":{"line":8,"column":48}},{"start":{"line":8,"column":52},"end":{"line":8,"column":55}}],"line":8}},"s":{"0":3,"1":3,"2":3,"3":3,"4":3,"5":3,"6":3,"7":3,"8":3,"9":2,"10":2,"11":1,"12":1,"13":3},"f":{"0":3},"b":{"0":[3,2]},"_coverageSchema":"1a1c01bbd47fc00a2c39e90264f33305004495a9","hash":"ffbb9299079d6279efafd40bf83d7edbf1fb063e"}
,"/Users/emmanuelmoulin/Documents/Projets/Ecole/Lead Dev/Archive/app/route.js": {"path":"/Users/emmanuelmoulin/Documents/Projets/Ecole/Lead Dev/Archive/app/route.js","statementMap":{"0":{"start":{"line":1,"column":22},"end":{"line":1,"column":49}},"1":{"start":{"line":2,"column":19},"end":{"line":2,"column":43}},"2":{"start":{"line":3,"column":13},"end":{"line":3,"column":30}},"3":{"start":{"line":4,"column":20},"end":{"line":4,"column":52}},"4":{"start":{"line":5,"column":15},"end":{"line":5,"column":32}},"5":{"start":{"line":7,"column":19},"end":{"line":7,"column":66}},"6":{"start":{"line":8,"column":16},"end":{"line":8,"column":29}},"7":{"start":{"line":11,"column":2},"end":{"line":62,"column":5}},"8":{"start":{"line":12,"column":17},"end":{"line":12,"column":31}},"9":{"start":{"line":13,"column":20},"end":{"line":13,"column":37}},"10":{"start":{"line":15,"column":30},"end":{"line":22,"column":5}},"11":{"start":{"line":25,"column":4},"end":{"line":27,"column":5}},"12":{"start":{"line":26,"column":6},"end":{"line":26,"column":52}},"13":{"start":{"line":30,"column":4},"end":{"line":33,"column":5}},"14":{"start":{"line":31,"column":6},"end":{"line":31,"column":49}},"15":{"start":{"line":32,"column":6},"end":{"line":32,"column":52}},"16":{"start":{"line":35,"column":4},"end":{"line":61,"column":5}},"17":{"start":{"line":36,"column":21},"end":{"line":36,"column":68}},"18":{"start":{"line":37,"column":6},"end":{"line":37,"column":40}},"19":{"start":{"line":38,"column":6},"end":{"line":38,"column":45}},"20":{"start":{"line":40,"column":23},"end":{"line":40,"column":44}},"21":{"start":{"line":41,"column":6},"end":{"line":55,"column":7}},"22":{"start":{"line":42,"column":8},"end":{"line":54,"column":9}},"23":{"start":{"line":43,"column":26},"end":{"line":46,"column":11}},"24":{"start":{"line":47,"column":30},"end":{"line":50,"column":34}},"25":{"start":{"line":51,"column":10},"end":{"line":51,"column":55}},"26":{"start":{"line":53,"column":10},"end":{"line":53,"column":87}},"27":{"start":{"line":57,"column":6},"end":{"line":57,"column":52}},"28":{"start":{"line":59,"column":6},"end":{"line":59,"column":41}},"29":{"start":{"line":60,"column":6},"end":{"line":60,"column":45}},"30":{"start":{"line":64,"column":2},"end":{"line":78,"column":5}},"31":{"start":{"line":65,"column":17},"end":{"line":65,"column":31}},"32":{"start":{"line":66,"column":4},"end":{"line":68,"column":5}},"33":{"start":{"line":67,"column":6},"end":{"line":67,"column":69}},"34":{"start":{"line":70,"column":4},"end":{"line":77,"column":5}},"35":{"start":{"line":71,"column":23},"end":{"line":71,"column":44}},"36":{"start":{"line":72,"column":6},"end":{"line":72,"column":42}},"37":{"start":{"line":73,"column":6},"end":{"line":73,"column":72}},"38":{"start":{"line":75,"column":6},"end":{"line":75,"column":67}},"39":{"start":{"line":76,"column":6},"end":{"line":76,"column":60}},"40":{"start":{"line":81,"column":0},"end":{"line":81,"column":23}}},"fnMap":{"0":{"name":"route","decl":{"start":{"line":10,"column":9},"end":{"line":10,"column":14}},"loc":{"start":{"line":10,"column":20},"end":{"line":79,"column":1}},"line":10},"1":{"name":"(anonymous_1)","decl":{"start":{"line":11,"column":15},"end":{"line":11,"column":16}},"loc":{"start":{"line":11,"column":35},"end":{"line":62,"column":3}},"line":11},"2":{"name":"(anonymous_2)","decl":{"start":{"line":64,"column":19},"end":{"line":64,"column":20}},"loc":{"start":{"line":64,"column":39},"end":{"line":78,"column":3}},"line":64}},"branchMap":{"0":{"loc":{"start":{"line":7,"column":19},"end":{"line":7,"column":66}},"type":"binary-expr","locations":[{"start":{"line":7,"column":19},"end":{"line":7,"column":45}},{"start":{"line":7,"column":49},"end":{"line":7,"column":66}}],"line":7},"1":{"loc":{"start":{"line":16,"column":21},"end":{"line":16,"column":31}},"type":"binary-expr","locations":[{"start":{"line":16,"column":21},"end":{"line":16,"column":25}},{"start":{"line":16,"column":29},"end":{"line":16,"column":31}}],"line":16},"2":{"loc":{"start":{"line":17,"column":24},"end":{"line":17,"column":37}},"type":"binary-expr","locations":[{"start":{"line":17,"column":24},"end":{"line":17,"column":31}},{"start":{"line":17,"column":35},"end":{"line":17,"column":37}}],"line":17},"3":{"loc":{"start":{"line":25,"column":4},"end":{"line":27,"column":5}},"type":"if","locations":[{"start":{"line":25,"column":4},"end":{"line":27,"column":5}},{"start":{},"end":{}}],"line":25},"4":{"loc":{"start":{"line":25,"column":8},"end":{"line":25,"column":25}},"type":"binary-expr","locations":[{"start":{"line":25,"column":8},"end":{"line":25,"column":13}},{"start":{"line":25,"column":17},"end":{"line":25,"column":25}}],"line":25},"5":{"loc":{"start":{"line":30,"column":4},"end":{"line":33,"column":5}},"type":"if","locations":[{"start":{"line":30,"column":4},"end":{"line":33,"column":5}},{"start":{},"end":{}}],"line":30},"6":{"loc":{"start":{"line":41,"column":6},"end":{"line":55,"column":7}},"type":"if","locations":[{"start":{"line":41,"column":6},"end":{"line":55,"column":7}},{"start":{},"end":{}}],"line":41},"7":{"loc":{"start":{"line":66,"column":4},"end":{"line":68,"column":5}},"type":"if","locations":[{"start":{"line":66,"column":4},"end":{"line":68,"column":5}},{"start":{},"end":{}}],"line":66}},"s":{"0":1,"1":1,"2":1,"3":1,"4":1,"5":1,"6":1,"7":1,"8":4,"9":4,"10":4,"11":4,"12":1,"13":3,"14":1,"15":1,"16":2,"17":2,"18":1,"19":1,"20":1,"21":1,"22":0,"23":0,"24":0,"25":0,"26":0,"27":1,"28":1,"29":1,"30":1,"31":3,"32":3,"33":1,"34":2,"35":2,"36":2,"37":1,"38":1,"39":1,"40":1},"f":{"0":1,"1":4,"2":3},"b":{"0":[1,1],"1":[4,1],"2":[4,1],"3":[1,3],"4":[4,1],"5":[1,2],"6":[0,1],"7":[1,2]},"_coverageSchema":"1a1c01bbd47fc00a2c39e90264f33305004495a9","hash":"0a2cda467f30fd1348e5cbdcfabea5b8e5180572"}
,"/Users/emmanuelmoulin/Documents/Projets/Ecole/Lead Dev/Archive/app/server.js": {"path":"/Users/emmanuelmoulin/Documents/Projets/Ecole/Lead Dev/Archive/app/server.js","statementMap":{"0":{"start":{"line":1,"column":16},"end":{"line":1,"column":34}},"1":{"start":{"line":2,"column":16},"end":{"line":2,"column":40}},"2":{"start":{"line":3,"column":13},"end":{"line":3,"column":28}},"3":{"start":{"line":5,"column":12},"end":{"line":5,"column":21}},"4":{"start":{"line":8,"column":0},"end":{"line":8,"column":56}},"5":{"start":{"line":9,"column":0},"end":{"line":9,"column":71}},"6":{"start":{"line":10,"column":0},"end":{"line":10,"column":77}},"7":{"start":{"line":13,"column":0},"end":{"line":13,"column":46}},"8":{"start":{"line":14,"column":0},"end":{"line":14,"column":48}},"9":{"start":{"line":15,"column":0},"end":{"line":15,"column":31}},"10":{"start":{"line":18,"column":0},"end":{"line":18,"column":24}},"11":{"start":{"line":21,"column":15},"end":{"line":21,"column":34}},"12":{"start":{"line":22,"column":0},"end":{"line":22,"column":21}},"13":{"start":{"line":25,"column":13},"end":{"line":25,"column":37}},"14":{"start":{"line":26,"column":0},"end":{"line":26,"column":30}},"15":{"start":{"line":27,"column":0},"end":{"line":27,"column":41}},"16":{"start":{"line":29,"column":0},"end":{"line":29,"column":21}}},"fnMap":{},"branchMap":{"0":{"loc":{"start":{"line":25,"column":13},"end":{"line":25,"column":37}},"type":"binary-expr","locations":[{"start":{"line":25,"column":13},"end":{"line":25,"column":29}},{"start":{"line":25,"column":33},"end":{"line":25,"column":37}}],"line":25}},"s":{"0":1,"1":1,"2":1,"3":1,"4":1,"5":1,"6":1,"7":1,"8":1,"9":1,"10":1,"11":1,"12":1,"13":1,"14":1,"15":1,"16":1},"f":{},"b":{"0":[1,1]},"_coverageSchema":"1a1c01bbd47fc00a2c39e90264f33305004495a9","hash":"e0d4a32b9b96bf09cb34ae03cbcc11ab64835ac7"}
,"/Users/emmanuelmoulin/Documents/Projets/Ecole/Lead Dev/Archive/app/worker.js": {"path":"/Users/emmanuelmoulin/Documents/Projets/Ecole/Lead Dev/Archive/app/worker.js","statementMap":{"0":{"start":{"line":1,"column":0},"end":{"line":1,"column":27}},"1":{"start":{"line":2,"column":19},"end":{"line":2,"column":50}},"2":{"start":{"line":3,"column":20},"end":{"line":3,"column":52}},"3":{"start":{"line":4,"column":14},"end":{"line":4,"column":30}},"4":{"start":{"line":5,"column":12},"end":{"line":5,"column":26}},"5":{"start":{"line":6,"column":19},"end":{"line":6,"column":43}},"6":{"start":{"line":7,"column":13},"end":{"line":7,"column":30}},"7":{"start":{"line":9,"column":18},"end":{"line":9,"column":60}},"8":{"start":{"line":10,"column":19},"end":{"line":10,"column":66}},"9":{"start":{"line":11,"column":18},"end":{"line":11,"column":53}},"10":{"start":{"line":12,"column":25},"end":{"line":12,"column":80}},"11":{"start":{"line":14,"column":21},"end":{"line":14,"column":46}},"12":{"start":{"line":15,"column":16},"end":{"line":15,"column":42}},"13":{"start":{"line":18,"column":23},"end":{"line":18,"column":66}},"14":{"start":{"line":20,"column":2},"end":{"line":20,"column":89}},"15":{"start":{"line":22,"column":2},"end":{"line":87,"column":5}},"16":{"start":{"line":23,"column":4},"end":{"line":23,"column":61}},"17":{"start":{"line":24,"column":4},"end":{"line":86,"column":5}},"18":{"start":{"line":25,"column":19},"end":{"line":25,"column":54}},"19":{"start":{"line":26,"column":19},"end":{"line":26,"column":28}},"20":{"start":{"line":28,"column":6},"end":{"line":32,"column":7}},"21":{"start":{"line":29,"column":8},"end":{"line":29,"column":71}},"22":{"start":{"line":30,"column":8},"end":{"line":30,"column":22}},"23":{"start":{"line":31,"column":8},"end":{"line":31,"column":15}},"24":{"start":{"line":34,"column":6},"end":{"line":34,"column":74}},"25":{"start":{"line":37,"column":21},"end":{"line":37,"column":59}},"26":{"start":{"line":38,"column":26},"end":{"line":38,"column":45}},"27":{"start":{"line":41,"column":18},"end":{"line":41,"column":29}},"28":{"start":{"line":42,"column":6},"end":{"line":53,"column":7}},"29":{"start":{"line":42,"column":23},"end":{"line":42,"column":24}},"30":{"start":{"line":43,"column":22},"end":{"line":43,"column":40}},"31":{"start":{"line":44,"column":25},"end":{"line":44,"column":55}},"32":{"start":{"line":45,"column":8},"end":{"line":52,"column":9}},"33":{"start":{"line":46,"column":24},"end":{"line":46,"column":67}},"34":{"start":{"line":47,"column":27},"end":{"line":47,"column":76}},"35":{"start":{"line":48,"column":27},"end":{"line":48,"column":51}},"36":{"start":{"line":49,"column":10},"end":{"line":49,"column":44}},"37":{"start":{"line":51,"column":10},"end":{"line":51,"column":92}},"38":{"start":{"line":55,"column":24},"end":{"line":55,"column":71}},"39":{"start":{"line":58,"column":23},"end":{"line":58,"column":89}},"40":{"start":{"line":59,"column":22},"end":{"line":59,"column":81}},"41":{"start":{"line":61,"column":21},"end":{"line":67,"column":8}},"42":{"start":{"line":69,"column":6},"end":{"line":73,"column":9}},"43":{"start":{"line":70,"column":8},"end":{"line":70,"column":49}},"44":{"start":{"line":70,"column":36},"end":{"line":70,"column":47}},"45":{"start":{"line":71,"column":8},"end":{"line":71,"column":49}},"46":{"start":{"line":71,"column":34},"end":{"line":71,"column":47}},"47":{"start":{"line":72,"column":8},"end":{"line":72,"column":30}},"48":{"start":{"line":75,"column":6},"end":{"line":75,"column":89}},"49":{"start":{"line":78,"column":6},"end":{"line":78,"column":61}},"50":{"start":{"line":81,"column":6},"end":{"line":81,"column":20}},"51":{"start":{"line":82,"column":6},"end":{"line":82,"column":68}},"52":{"start":{"line":84,"column":6},"end":{"line":84,"column":78}},"53":{"start":{"line":85,"column":6},"end":{"line":85,"column":21}},"54":{"start":{"line":89,"column":2},"end":{"line":91,"column":5}},"55":{"start":{"line":90,"column":4},"end":{"line":90,"column":70}},"56":{"start":{"line":94,"column":0},"end":{"line":96,"column":2}}},"fnMap":{"0":{"name":"startWorker","decl":{"start":{"line":17,"column":9},"end":{"line":17,"column":20}},"loc":{"start":{"line":17,"column":23},"end":{"line":92,"column":1}},"line":17},"1":{"name":"(anonymous_1)","decl":{"start":{"line":22,"column":29},"end":{"line":22,"column":30}},"loc":{"start":{"line":22,"column":48},"end":{"line":87,"column":3}},"line":22},"2":{"name":"(anonymous_2)","decl":{"start":{"line":69,"column":24},"end":{"line":69,"column":25}},"loc":{"start":{"line":69,"column":45},"end":{"line":73,"column":7}},"line":69},"3":{"name":"(anonymous_3)","decl":{"start":{"line":70,"column":27},"end":{"line":70,"column":28}},"loc":{"start":{"line":70,"column":36},"end":{"line":70,"column":47}},"line":70},"4":{"name":"(anonymous_4)","decl":{"start":{"line":71,"column":28},"end":{"line":71,"column":29}},"loc":{"start":{"line":71,"column":34},"end":{"line":71,"column":47}},"line":71},"5":{"name":"(anonymous_5)","decl":{"start":{"line":89,"column":27},"end":{"line":89,"column":28}},"loc":{"start":{"line":89,"column":38},"end":{"line":91,"column":3}},"line":89}},"branchMap":{"0":{"loc":{"start":{"line":9,"column":18},"end":{"line":9,"column":60}},"type":"binary-expr","locations":[{"start":{"line":9,"column":18},"end":{"line":9,"column":44}},{"start":{"line":9,"column":48},"end":{"line":9,"column":60}}],"line":9},"1":{"loc":{"start":{"line":10,"column":19},"end":{"line":10,"column":66}},"type":"binary-expr","locations":[{"start":{"line":10,"column":19},"end":{"line":10,"column":45}},{"start":{"line":10,"column":49},"end":{"line":10,"column":66}}],"line":10},"2":{"loc":{"start":{"line":11,"column":18},"end":{"line":11,"column":53}},"type":"binary-expr","locations":[{"start":{"line":11,"column":18},"end":{"line":11,"column":46}},{"start":{"line":11,"column":50},"end":{"line":11,"column":53}}],"line":11},"3":{"loc":{"start":{"line":12,"column":25},"end":{"line":12,"column":80}},"type":"binary-expr","locations":[{"start":{"line":12,"column":25},"end":{"line":12,"column":56}},{"start":{"line":12,"column":60},"end":{"line":12,"column":80}}],"line":12},"4":{"loc":{"start":{"line":28,"column":6},"end":{"line":32,"column":7}},"type":"if","locations":[{"start":{"line":28,"column":6},"end":{"line":32,"column":7}},{"start":{},"end":{}}],"line":28},"5":{"loc":{"start":{"line":44,"column":25},"end":{"line":44,"column":55}},"type":"binary-expr","locations":[{"start":{"line":44,"column":25},"end":{"line":44,"column":38}},{"start":{"line":44,"column":42},"end":{"line":44,"column":55}}],"line":44},"6":{"loc":{"start":{"line":46,"column":24},"end":{"line":46,"column":67}},"type":"binary-expr","locations":[{"start":{"line":46,"column":24},"end":{"line":46,"column":31}},{"start":{"line":46,"column":36},"end":{"line":46,"column":47}},{"start":{"line":46,"column":51},"end":{"line":46,"column":66}}],"line":46}},"s":{"0":1,"1":1,"2":1,"3":1,"4":1,"5":1,"6":1,"7":1,"8":1,"9":1,"10":1,"11":1,"12":1,"13":1,"14":1,"15":1,"16":0,"17":0,"18":0,"19":0,"20":0,"21":0,"22":0,"23":0,"24":0,"25":0,"26":0,"27":0,"28":0,"29":0,"30":0,"31":0,"32":0,"33":0,"34":0,"35":0,"36":0,"37":0,"38":0,"39":0,"40":0,"41":0,"42":0,"43":0,"44":0,"45":0,"46":0,"47":0,"48":0,"49":0,"50":0,"51":0,"52":0,"53":0,"54":1,"55":0,"56":1},"f":{"0":1,"1":0,"2":0,"3":0,"4":0,"5":0},"b":{"0":[1,0],"1":[1,0],"2":[1,0],"3":[1,1],"4":[0,0],"5":[0,0],"6":[0,0,0]},"_coverageSchema":"1a1c01bbd47fc00a2c39e90264f33305004495a9","hash":"120323a07b565062fd18068a59d6ab9e1a59cb98"}
}
