{"/Users/emmanuelmoulin/Documents/Projets/Ecole/Lead Dev/Archive/app/firebase.js": {"path":"/Users/emmanuelmoulin/Documents/Projets/Ecole/Lead Dev/Archive/app/firebase.js","statementMap":{"0":{"start":{"line":1,"column":0},"end":{"line":1,"column":27}},"1":{"start":{"line":2,"column":41},"end":{"line":2,"column":70}},"2":{"start":{"line":3,"column":24},"end":{"line":3,"column":58}},"3":{"start":{"line":4,"column":11},"end":{"line":4,"column":24}},"4":{"start":{"line":5,"column":13},"end":{"line":5,"column":28}},"5":{"start":{"line":7,"column":21},"end":{"line":7,"column":23}},"6":{"start":{"line":8,"column":19},"end":{"line":8,"column":69}},"7":{"start":{"line":9,"column":19},"end":{"line":9,"column":61}},"8":{"start":{"line":11,"column":0},"end":{"line":17,"column":1}},"9":{"start":{"line":12,"column":2},"end":{"line":16,"column":3}},"10":{"start":{"line":13,"column":4},"end":{"line":13,"column":69}},"11":{"start":{"line":15,"column":4},"end":{"line":15,"column":69}},"12":{"start":{"line":19,"column":20},"end":{"line":19,"column":98}},"13":{"start":{"line":22,"column":0},"end":{"line":31,"column":1}},"14":{"start":{"line":23,"column":2},"end":{"line":30,"column":3}},"15":{"start":{"line":24,"column":27},"end":{"line":24,"column":74}},"16":{"start":{"line":25,"column":4},"end":{"line":27,"column":5}},"17":{"start":{"line":26,"column":6},"end":{"line":26,"column":40}},"18":{"start":{"line":29,"column":4},"end":{"line":29,"column":61}},"19":{"start":{"line":33,"column":0},"end":{"line":39,"column":1}},"20":{"start":{"line":34,"column":18},"end":{"line":34,"column":33}},"21":{"start":{"line":35,"column":2},"end":{"line":37,"column":3}},"22":{"start":{"line":36,"column":4},"end":{"line":36,"column":36}},"23":{"start":{"line":38,"column":2},"end":{"line":38,"column":25}},"24":{"start":{"line":41,"column":11},"end":{"line":41,"column":24}},"25":{"start":{"line":48,"column":21},"end":{"line":48,"column":70}},"26":{"start":{"line":49,"column":20},"end":{"line":49,"column":79}},"27":{"start":{"line":50,"column":23},"end":{"line":50,"column":58}},"28":{"start":{"line":52,"column":18},"end":{"line":52,"column":62}},"29":{"start":{"line":53,"column":14},"end":{"line":53,"column":69}},"30":{"start":{"line":54,"column":2},"end":{"line":54,"column":25}},"31":{"start":{"line":55,"column":2},"end":{"line":55,"column":74}},"32":{"start":{"line":56,"column":2},"end":{"line":56,"column":17}},"33":{"start":{"line":64,"column":21},"end":{"line":64,"column":70}},"34":{"start":{"line":65,"column":14},"end":{"line":65,"column":32}},"35":{"start":{"line":66,"column":19},"end":{"line":66,"column":42}},"36":{"start":{"line":67,"column":15},"end":{"line":67,"column":29}},"37":{"start":{"line":68,"column":2},"end":{"line":70,"column":3}},"38":{"start":{"line":69,"column":4},"end":{"line":69,"column":14}},"39":{"start":{"line":72,"column":15},"end":{"line":72,"column":17}},"40":{"start":{"line":73,"column":2},"end":{"line":87,"column":5}},"41":{"start":{"line":74,"column":22},"end":{"line":74,"column":36}},"42":{"start":{"line":75,"column":4},"end":{"line":86,"column":5}},"43":{"start":{"line":76,"column":6},"end":{"line":85,"column":9}},"44":{"start":{"line":77,"column":21},"end":{"line":77,"column":39}},"45":{"start":{"line":78,"column":8},"end":{"line":84,"column":9}},"46":{"start":{"line":79,"column":10},"end":{"line":83,"column":13}},"47":{"start":{"line":89,"column":2},"end":{"line":89,"column":14}},"48":{"start":{"line":92,"column":0},"end":{"line":96,"column":2}}},"fnMap":{"0":{"name":"saveZip","decl":{"start":{"line":47,"column":15},"end":{"line":47,"column":22}},"loc":{"start":{"line":47,"column":57},"end":{"line":57,"column":1}},"line":47},"1":{"name":"getZipsByUser","decl":{"start":{"line":63,"column":15},"end":{"line":63,"column":28}},"loc":{"start":{"line":63,"column":37},"end":{"line":90,"column":1}},"line":63},"2":{"name":"(anonymous_2)","decl":{"start":{"line":73,"column":28},"end":{"line":73,"column":29}},"loc":{"start":{"line":73,"column":42},"end":{"line":87,"column":3}},"line":73},"3":{"name":"(anonymous_3)","decl":{"start":{"line":76,"column":37},"end":{"line":76,"column":38}},"loc":{"start":{"line":76,"column":50},"end":{"line":85,"column":7}},"line":76}},"branchMap":{"0":{"loc":{"start":{"line":11,"column":0},"end":{"line":17,"column":1}},"type":"if","locations":[{"start":{"line":11,"column":0},"end":{"line":17,"column":1}},{"start":{},"end":{}}],"line":11},"1":{"loc":{"start":{"line":19,"column":20},"end":{"line":19,"column":98}},"type":"binary-expr","locations":[{"start":{"line":19,"column":20},"end":{"line":19,"column":46}},{"start":{"line":19,"column":50},"end":{"line":19,"column":98}}],"line":19},"2":{"loc":{"start":{"line":22,"column":0},"end":{"line":31,"column":1}},"type":"if","locations":[{"start":{"line":22,"column":0},"end":{"line":31,"column":1}},{"start":{},"end":{}}],"line":22},"3":{"loc":{"start":{"line":25,"column":4},"end":{"line":27,"column":5}},"type":"if","locations":[{"start":{"line":25,"column":4},"end":{"line":27,"column":5}},{"start":{},"end":{}}],"line":25},"4":{"loc":{"start":{"line":25,"column":8},"end":{"line":25,"column":63}},"type":"binary-expr","locations":[{"start":{"line":25,"column":8},"end":{"line":25,"column":33}},{"start":{"line":25,"column":37},"end":{"line":25,"column":63}}],"line":25},"5":{"loc":{"start":{"line":33,"column":0},"end":{"line":39,"column":1}},"type":"if","locations":[{"start":{"line":33,"column":0},"end":{"line":39,"column":1}},{"start":{},"end":{}}],"line":33},"6":{"loc":{"start":{"line":35,"column":2},"end":{"line":37,"column":3}},"type":"if","locations":[{"start":{"line":35,"column":2},"end":{"line":37,"column":3}},{"start":{},"end":{}}],"line":35},"7":{"loc":{"start":{"line":48,"column":22},"end":{"line":48,"column":42}},"type":"binary-expr","locations":[{"start":{"line":48,"column":22},"end":{"line":48,"column":28}},{"start":{"line":48,"column":32},"end":{"line":48,"column":42}}],"line":48},"8":{"loc":{"start":{"line":49,"column":21},"end":{"line":49,"column":51}},"type":"binary-expr","locations":[{"start":{"line":49,"column":21},"end":{"line":49,"column":26}},{"start":{"line":49,"column":30},"end":{"line":49,"column":51}}],"line":49},"9":{"loc":{"start":{"line":64,"column":22},"end":{"line":64,"column":42}},"type":"binary-expr","locations":[{"start":{"line":64,"column":22},"end":{"line":64,"column":28}},{"start":{"line":64,"column":32},"end":{"line":64,"column":42}}],"line":64},"10":{"loc":{"start":{"line":68,"column":2},"end":{"line":70,"column":3}},"type":"if","locations":[{"start":{"line":68,"column":2},"end":{"line":70,"column":3}},{"start":{},"end":{}}],"line":68},"11":{"loc":{"start":{"line":75,"column":4},"end":{"line":86,"column":5}},"type":"if","locations":[{"start":{"line":75,"column":4},"end":{"line":86,"column":5}},{"start":{},"end":{}}],"line":75},"12":{"loc":{"start":{"line":75,"column":8},"end":{"line":75,"column":50}},"type":"binary-expr","locations":[{"start":{"line":75,"column":8},"end":{"line":75,"column":17}},{"start":{"line":75,"column":21},"end":{"line":75,"column":50}}],"line":75},"13":{"loc":{"start":{"line":78,"column":8},"end":{"line":84,"column":9}},"type":"if","locations":[{"start":{"line":78,"column":8},"end":{"line":84,"column":9}},{"start":{},"end":{}}],"line":78},"14":{"loc":{"start":{"line":78,"column":12},"end":{"line":78,"column":44}},"type":"binary-expr","locations":[{"start":{"line":78,"column":12},"end":{"line":78,"column":16}},{"start":{"line":78,"column":20},"end":{"line":78,"column":44}}],"line":78}},"s":{"0":5,"1":5,"2":5,"3":5,"4":5,"5":5,"6":5,"7":5,"8":5,"9":4,"10":4,"11":1,"12":5,"13":5,"14":4,"15":4,"16":3,"17":3,"18":1,"19":5,"20":5,"21":5,"22":3,"23":5,"24":5,"25":2,"26":2,"27":2,"28":2,"29":2,"30":2,"31":2,"32":2,"33":14,"34":14,"35":14,"36":12,"37":12,"38":1,"39":11,"40":11,"41":11,"42":11,"43":11,"44":13,"45":13,"46":12,"47":11,"48":5},"f":{"0":2,"1":14,"2":11,"3":13},"b":{"0":[4,1],"1":[5,2],"2":[4,1],"3":[3,0],"4":[3,3],"5":[5,0],"6":[3,2],"7":[2,1],"8":[2,1],"9":[14,1],"10":[1,11],"11":[11,0],"12":[11,11],"13":[12,1],"14":[13,12]},"_coverageSchema":"1a1c01bbd47fc00a2c39e90264f33305004495a9","hash":"78839736f270b0a2340f2485e28865d2e64e16f6"}
,"/Users/emmanuelmoulin/Documents/Projets/Ecole/Lead Dev/Archive/app/form_validator.js": {"path":"/Users/emmanuelmoulin/Documents/Projets/Ecole/Lead Dev/Archive/app/form_validator.js","statementMap":{"0":{"start":{"line":3,"column":34},"end":{"line":3,"column":50}},"1":{"start":{"line":4,"column":2},"end":{"line":4,"column":45}},"2":{"start":{"line":8,"column":2},"end":{"line":8,"column":44}},"3":{"start":{"line":12,"column":2},"end":{"line":12,"column":68}},"4":{"start":{"line":15,"column":0},"end":{"line":19,"column":2}}},"fnMap":{"0":{"name":"isValidCommaDelimitedList","decl":{"start":{"line":1,"column":9},"end":{"line":1,"column":34}},"loc":{"start":{"line":1,"column":42},"end":{"line":5,"column":1}},"line":1},"1":{"name":"isValidTagmode","decl":{"start":{"line":7,"column":9},"end":{"line":7,"column":23}},"loc":{"start":{"line":7,"column":31},"end":{"line":9,"column":1}},"line":7},"2":{"name":"hasValidFlickrAPIParams","decl":{"start":{"line":11,"column":9},"end":{"line":11,"column":32}},"loc":{"start":{"line":11,"column":48},"end":{"line":13,"column":1}},"line":11}},"branchMap":{"0":{"loc":{"start":{"line":8,"column":9},"end":{"line":8,"column":43}},"type":"binary-expr","locations":[{"start":{"line":8,"column":9},"end":{"line":8,"column":24}},{"start":{"line":8,"column":28},"end":{"line":8,"column":43}}],"line":8},"1":{"loc":{"start":{"line":12,"column":9},"end":{"line":12,"column":67}},"type":"binary-expr","locations":[{"start":{"line":12,"column":9},"end":{"line":12,"column":40}},{"start":{"line":12,"column":44},"end":{"line":12,"column":67}}],"line":12}},"s":{"0":12,"1":12,"2":9,"3":8,"4":3},"f":{"0":12,"1":9,"2":8},"b":{"0":[9,3],"1":[8,6]},"_coverageSchema":"1a1c01bbd47fc00a2c39e90264f33305004495a9","hash":"5e8896853a3e91d745f208bae1b37523a6650663"}
,"/Users/emmanuelmoulin/Documents/Projets/Ecole/Lead Dev/Archive/app/jobs.js": {"path":"/Users/emmanuelmoulin/Documents/Projets/Ecole/Lead Dev/Archive/app/jobs.js","statementMap":{"0":{"start":{"line":1,"column":22},"end":{"line":1,"column":24}},"1":{"start":{"line":3,"column":0},"end":{"line":13,"column":2}},"2":{"start":{"line":5,"column":4},"end":{"line":5,"column":35}},"3":{"start":{"line":8,"column":4},"end":{"line":8,"column":31}},"4":{"start":{"line":11,"column":4},"end":{"line":11,"column":33}}},"fnMap":{"0":{"name":"(anonymous_0)","decl":{"start":{"line":4,"column":19},"end":{"line":4,"column":20}},"loc":{"start":{"line":4,"column":39},"end":{"line":6,"column":3}},"line":4},"1":{"name":"(anonymous_1)","decl":{"start":{"line":7,"column":14},"end":{"line":7,"column":15}},"loc":{"start":{"line":7,"column":24},"end":{"line":9,"column":3}},"line":7},"2":{"name":"(anonymous_2)","decl":{"start":{"line":10,"column":19},"end":{"line":10,"column":20}},"loc":{"start":{"line":10,"column":29},"end":{"line":12,"column":3}},"line":10}},"branchMap":{},"s":{"0":4,"1":4,"2":8,"3":5,"4":2},"f":{"0":8,"1":5,"2":2},"b":{},"_coverageSchema":"1a1c01bbd47fc00a2c39e90264f33305004495a9","hash":"48d430fbdf86db1a3e651dbfeba3cc46ee9fa90b"}
,"/Users/emmanuelmoulin/Documents/Projets/Ecole/Lead Dev/Archive/app/jsonp_helper.js": {"path":"/Users/emmanuelmoulin/Documents/Projets/Ecole/Lead Dev/Archive/app/jsonp_helper.js","statementMap":{"0":{"start":{"line":2,"column":2},"end":{"line":14,"column":3}},"1":{"start":{"line":3,"column":21},"end":{"line":3,"column":44}},"2":{"start":{"line":4,"column":19},"end":{"line":4,"column":46}},"3":{"start":{"line":5,"column":21},"end":{"line":5,"column":66}},"4":{"start":{"line":8,"column":4},"end":{"line":8,"column":49}},"5":{"start":{"line":10,"column":4},"end":{"line":10,"column":34}},"6":{"start":{"line":12,"column":18},"end":{"line":12,"column":76}},"7":{"start":{"line":13,"column":4},"end":{"line":13,"column":16}},"8":{"start":{"line":17,"column":0},"end":{"line":19,"column":2}}},"fnMap":{"0":{"name":"parseJSONP","decl":{"start":{"line":1,"column":9},"end":{"line":1,"column":19}},"loc":{"start":{"line":1,"column":31},"end":{"line":15,"column":1}},"line":1}},"branchMap":{},"s":{"0":5,"1":5,"2":5,"3":5,"4":5,"5":5,"6":2,"7":2,"8":5},"f":{"0":5},"b":{},"_coverageSchema":"1a1c01bbd47fc00a2c39e90264f33305004495a9","hash":"46b7cd1e1c9d20a4658a9e8cc2440c391aec663c"}
,"/Users/emmanuelmoulin/Documents/Projets/Ecole/Lead Dev/Archive/app/limiter.js": {"path":"/Users/emmanuelmoulin/Documents/Projets/Ecole/Lead Dev/Archive/app/limiter.js","statementMap":{"0":{"start":{"line":1,"column":0},"end":{"line":1,"column":27}},"1":{"start":{"line":2,"column":11},"end":{"line":2,"column":24}},"2":{"start":{"line":3,"column":13},"end":{"line":3,"column":28}},"3":{"start":{"line":4,"column":20},"end":{"line":4,"column":42}},"4":{"start":{"line":6,"column":18},"end":{"line":6,"column":20}},"5":{"start":{"line":7,"column":19},"end":{"line":7,"column":66}},"6":{"start":{"line":9,"column":0},"end":{"line":15,"column":1}},"7":{"start":{"line":10,"column":2},"end":{"line":14,"column":3}},"8":{"start":{"line":11,"column":4},"end":{"line":11,"column":66}},"9":{"start":{"line":13,"column":4},"end":{"line":13,"column":66}},"10":{"start":{"line":18,"column":25},"end":{"line":18,"column":105}},"11":{"start":{"line":21,"column":26},"end":{"line":21,"column":68}},"12":{"start":{"line":24,"column":19},"end":{"line":24,"column":54}},"13":{"start":{"line":27,"column":19},"end":{"line":27,"column":55}},"14":{"start":{"line":28,"column":26},"end":{"line":28,"column":70}},"15":{"start":{"line":30,"column":2},"end":{"line":46,"column":5}},"16":{"start":{"line":50,"column":14},"end":{"line":50,"column":84}},"17":{"start":{"line":51,"column":17},"end":{"line":51,"column":63}},"18":{"start":{"line":52,"column":15},"end":{"line":52,"column":25}},"19":{"start":{"line":54,"column":2},"end":{"line":82,"column":3}},"20":{"start":{"line":55,"column":4},"end":{"line":59,"column":5}},"21":{"start":{"line":56,"column":6},"end":{"line":56,"column":31}},"22":{"start":{"line":61,"column":4},"end":{"line":61,"column":36}},"23":{"start":{"line":63,"column":4},"end":{"line":67,"column":5}},"24":{"start":{"line":64,"column":6},"end":{"line":64,"column":26}},"25":{"start":{"line":69,"column":4},"end":{"line":69,"column":18}},"26":{"start":{"line":71,"column":4},"end":{"line":78,"column":5}},"27":{"start":{"line":72,"column":25},"end":{"line":72,"column":60}},"28":{"start":{"line":73,"column":6},"end":{"line":73,"column":49}},"29":{"start":{"line":74,"column":6},"end":{"line":77,"column":9}},"30":{"start":{"line":80,"column":4},"end":{"line":80,"column":92}},"31":{"start":{"line":81,"column":4},"end":{"line":81,"column":18}},"32":{"start":{"line":85,"column":0},"end":{"line":91,"column":2}}},"fnMap":{"0":{"name":"getBucket","decl":{"start":{"line":26,"column":9},"end":{"line":26,"column":18}},"loc":{"start":{"line":26,"column":45},"end":{"line":47,"column":1}},"line":26},"1":{"name":"tokenBucketMiddleware","decl":{"start":{"line":49,"column":15},"end":{"line":49,"column":36}},"loc":{"start":{"line":49,"column":53},"end":{"line":83,"column":1}},"line":49}},"branchMap":{"0":{"loc":{"start":{"line":9,"column":0},"end":{"line":15,"column":1}},"type":"if","locations":[{"start":{"line":9,"column":0},"end":{"line":15,"column":1}},{"start":{},"end":{}}],"line":9},"1":{"loc":{"start":{"line":18,"column":32},"end":{"line":18,"column":104}},"type":"binary-expr","locations":[{"start":{"line":18,"column":32},"end":{"line":18,"column":65}},{"start":{"line":18,"column":69},"end":{"line":18,"column":98}},{"start":{"line":18,"column":102},"end":{"line":18,"column":104}}],"line":18},"2":{"loc":{"start":{"line":21,"column":33},"end":{"line":21,"column":67}},"type":"binary-expr","locations":[{"start":{"line":21,"column":33},"end":{"line":21,"column":62}},{"start":{"line":21,"column":66},"end":{"line":21,"column":67}}],"line":21},"3":{"loc":{"start":{"line":24,"column":26},"end":{"line":24,"column":53}},"type":"binary-expr","locations":[{"start":{"line":24,"column":26},"end":{"line":24,"column":48}},{"start":{"line":24,"column":52},"end":{"line":24,"column":53}}],"line":24},"4":{"loc":{"start":{"line":26,"column":31},"end":{"line":26,"column":43}},"type":"default-arg","locations":[{"start":{"line":26,"column":41},"end":{"line":26,"column":43}}],"line":26},"5":{"loc":{"start":{"line":27,"column":19},"end":{"line":27,"column":55}},"type":"binary-expr","locations":[{"start":{"line":27,"column":19},"end":{"line":27,"column":35}},{"start":{"line":27,"column":39},"end":{"line":27,"column":55}}],"line":27},"6":{"loc":{"start":{"line":28,"column":26},"end":{"line":28,"column":70}},"type":"binary-expr","locations":[{"start":{"line":28,"column":26},"end":{"line":28,"column":49}},{"start":{"line":28,"column":53},"end":{"line":28,"column":70}}],"line":28},"7":{"loc":{"start":{"line":37,"column":18},"end":{"line":37,"column":42}},"type":"binary-expr","locations":[{"start":{"line":37,"column":18},"end":{"line":37,"column":28}},{"start":{"line":37,"column":32},"end":{"line":37,"column":42}}],"line":37},"8":{"loc":{"start":{"line":39,"column":14},"end":{"line":39,"column":71}},"type":"binary-expr","locations":[{"start":{"line":39,"column":14},"end":{"line":39,"column":30}},{"start":{"line":39,"column":34},"end":{"line":39,"column":56}},{"start":{"line":39,"column":60},"end":{"line":39,"column":71}}],"line":39},"9":{"loc":{"start":{"line":40,"column":21},"end":{"line":40,"column":71}},"type":"binary-expr","locations":[{"start":{"line":40,"column":21},"end":{"line":40,"column":37}},{"start":{"line":40,"column":41},"end":{"line":40,"column":63}},{"start":{"line":40,"column":67},"end":{"line":40,"column":71}}],"line":40},"10":{"loc":{"start":{"line":42,"column":21},"end":{"line":42,"column":84}},"type":"binary-expr","locations":[{"start":{"line":42,"column":21},"end":{"line":42,"column":41}},{"start":{"line":42,"column":45},"end":{"line":42,"column":71}},{"start":{"line":42,"column":75},"end":{"line":42,"column":84}}],"line":42},"11":{"loc":{"start":{"line":50,"column":14},"end":{"line":50,"column":84}},"type":"binary-expr","locations":[{"start":{"line":50,"column":14},"end":{"line":50,"column":20}},{"start":{"line":50,"column":25},"end":{"line":50,"column":39}},{"start":{"line":50,"column":43},"end":{"line":50,"column":71}},{"start":{"line":50,"column":76},"end":{"line":50,"column":84}}],"line":50},"12":{"loc":{"start":{"line":71,"column":4},"end":{"line":78,"column":5}},"type":"if","locations":[{"start":{"line":71,"column":4},"end":{"line":78,"column":5}},{"start":{},"end":{}}],"line":71},"13":{"loc":{"start":{"line":71,"column":8},"end":{"line":71,"column":78}},"type":"binary-expr","locations":[{"start":{"line":71,"column":8},"end":{"line":71,"column":11}},{"start":{"line":71,"column":16},"end":{"line":71,"column":45}},{"start":{"line":71,"column":49},"end":{"line":71,"column":77}}],"line":71},"14":{"loc":{"start":{"line":80,"column":67},"end":{"line":80,"column":90}},"type":"cond-expr","locations":[{"start":{"line":80,"column":73},"end":{"line":80,"column":84}},{"start":{"line":80,"column":87},"end":{"line":80,"column":90}}],"line":80}},"s":{"0":4,"1":4,"2":4,"3":4,"4":4,"5":4,"6":4,"7":4,"8":4,"9":1,"10":4,"11":4,"12":4,"13":10,"14":10,"15":10,"16":9,"17":9,"18":9,"19":9,"20":9,"21":9,"22":9,"23":6,"24":6,"25":6,"26":3,"27":2,"28":2,"29":2,"30":1,"31":1,"32":4},"f":{"0":10,"1":9},"b":{"0":[4,0],"1":[4,4,4],"2":[4,4],"3":[4,4],"4":[9],"5":[10,9],"6":[10,9],"7":[10,0],"8":[10,0,0],"9":[10,0,0],"10":[10,0,0],"11":[9,1,1,0],"12":[2,1],"13":[3,3,2],"14":[1,0]},"_coverageSchema":"1a1c01bbd47fc00a2c39e90264f33305004495a9","hash":"748a8e57d6e64ce61fcd1ce091fa8815a1c51bc9"}
,"/Users/emmanuelmoulin/Documents/Projets/Ecole/Lead Dev/Archive/app/photo_model.js": {"path":"/Users/emmanuelmoulin/Documents/Projets/Ecole/Lead Dev/Archive/app/photo_model.js","statementMap":{"0":{"start":{"line":1,"column":12},"end":{"line":1,"column":26}},"1":{"start":{"line":2,"column":20},"end":{"line":2,"column":42}},"2":{"start":{"line":3,"column":20},"end":{"line":3,"column":45}},"3":{"start":{"line":6,"column":13},"end":{"line":6,"column":69}},"4":{"start":{"line":8,"column":18},"end":{"line":8,"column":81}},"5":{"start":{"line":10,"column":2},"end":{"line":19,"column":5}},"6":{"start":{"line":11,"column":22},"end":{"line":11,"column":59}},"7":{"start":{"line":13,"column":4},"end":{"line":16,"column":7}},"8":{"start":{"line":14,"column":6},"end":{"line":14,"column":64}},"9":{"start":{"line":15,"column":6},"end":{"line":15,"column":64}},"10":{"start":{"line":18,"column":4},"end":{"line":18,"column":27}},"11":{"start":{"line":22,"column":0},"end":{"line":24,"column":2}}},"fnMap":{"0":{"name":"getFlickrPhotos","decl":{"start":{"line":5,"column":9},"end":{"line":5,"column":24}},"loc":{"start":{"line":5,"column":40},"end":{"line":20,"column":1}},"line":5},"1":{"name":"(anonymous_1)","decl":{"start":{"line":10,"column":39},"end":{"line":10,"column":40}},"loc":{"start":{"line":10,"column":51},"end":{"line":19,"column":3}},"line":10},"2":{"name":"(anonymous_2)","decl":{"start":{"line":13,"column":28},"end":{"line":13,"column":29}},"loc":{"start":{"line":13,"column":37},"end":{"line":16,"column":5}},"line":13}},"branchMap":{},"s":{"0":4,"1":4,"2":4,"3":3,"4":3,"5":3,"6":2,"7":1,"8":2,"9":2,"10":1,"11":4},"f":{"0":3,"1":2,"2":2},"b":{},"_coverageSchema":"1a1c01bbd47fc00a2c39e90264f33305004495a9","hash":"840439096600b7419f89a0a8a7243e8ef95f319c"}
,"/Users/emmanuelmoulin/Documents/Projets/Ecole/Lead Dev/Archive/app/producer.js": {"path":"/Users/emmanuelmoulin/Documents/Projets/Ecole/Lead Dev/Archive/app/producer.js","statementMap":{"0":{"start":{"line":1,"column":0},"end":{"line":1,"column":27}},"1":{"start":{"line":2,"column":19},"end":{"line":2,"column":50}},"2":{"start":{"line":4,"column":18},"end":{"line":4,"column":30}},"3":{"start":{"line":5,"column":21},"end":{"line":5,"column":46}},"4":{"start":{"line":8,"column":20},"end":{"line":8,"column":55}},"5":{"start":{"line":9,"column":20},"end":{"line":9,"column":40}},"6":{"start":{"line":11,"column":21},"end":{"line":11,"column":58}},"7":{"start":{"line":13,"column":2},"end":{"line":22,"column":3}},"8":{"start":{"line":14,"column":22},"end":{"line":16,"column":43}},"9":{"start":{"line":17,"column":4},"end":{"line":17,"column":73}},"10":{"start":{"line":18,"column":4},"end":{"line":18,"column":21}},"11":{"start":{"line":20,"column":4},"end":{"line":20,"column":76}},"12":{"start":{"line":21,"column":4},"end":{"line":21,"column":16}},"13":{"start":{"line":25,"column":0},"end":{"line":27,"column":2}}},"fnMap":{"0":{"name":"publishMessage","decl":{"start":{"line":7,"column":15},"end":{"line":7,"column":29}},"loc":{"start":{"line":7,"column":36},"end":{"line":23,"column":1}},"line":7}},"branchMap":{"0":{"loc":{"start":{"line":8,"column":20},"end":{"line":8,"column":55}},"type":"binary-expr","locations":[{"start":{"line":8,"column":20},"end":{"line":8,"column":48}},{"start":{"line":8,"column":52},"end":{"line":8,"column":55}}],"line":8}},"s":{"0":3,"1":3,"2":3,"3":3,"4":3,"5":3,"6":3,"7":3,"8":3,"9":2,"10":2,"11":1,"12":1,"13":3},"f":{"0":3},"b":{"0":[3,2]},"_coverageSchema":"1a1c01bbd47fc00a2c39e90264f33305004495a9","hash":"ffbb9299079d6279efafd40bf83d7edbf1fb063e"}
,"/Users/emmanuelmoulin/Documents/Projets/Ecole/Lead Dev/Archive/app/route.js": {"path":"/Users/emmanuelmoulin/Documents/Projets/Ecole/Lead Dev/Archive/app/route.js","statementMap":{"0":{"start":{"line":1,"column":22},"end":{"line":1,"column":49}},"1":{"start":{"line":2,"column":19},"end":{"line":2,"column":43}},"2":{"start":{"line":3,"column":13},"end":{"line":3,"column":30}},"3":{"start":{"line":4,"column":17},"end":{"line":4,"column":38}},"4":{"start":{"line":5,"column":34},"end":{"line":5,"column":54}},"5":{"start":{"line":6,"column":20},"end":{"line":6,"column":52}},"6":{"start":{"line":7,"column":15},"end":{"line":7,"column":32}},"7":{"start":{"line":9,"column":19},"end":{"line":9,"column":66}},"8":{"start":{"line":10,"column":16},"end":{"line":10,"column":29}},"9":{"start":{"line":13,"column":2},"end":{"line":92,"column":5}},"10":{"start":{"line":14,"column":17},"end":{"line":14,"column":31}},"11":{"start":{"line":15,"column":20},"end":{"line":15,"column":37}},"12":{"start":{"line":16,"column":23},"end":{"line":16,"column":60}},"13":{"start":{"line":19,"column":20},"end":{"line":19,"column":22}},"14":{"start":{"line":20,"column":4},"end":{"line":42,"column":5}},"15":{"start":{"line":21,"column":6},"end":{"line":21,"column":59}},"16":{"start":{"line":23,"column":6},"end":{"line":39,"column":7}},"17":{"start":{"line":24,"column":8},"end":{"line":38,"column":9}},"18":{"start":{"line":25,"column":10},"end":{"line":37,"column":11}},"19":{"start":{"line":26,"column":28},"end":{"line":29,"column":13}},"20":{"start":{"line":30,"column":32},"end":{"line":33,"column":36}},"21":{"start":{"line":34,"column":12},"end":{"line":34,"column":44}},"22":{"start":{"line":36,"column":12},"end":{"line":36,"column":81}},"23":{"start":{"line":41,"column":6},"end":{"line":41,"column":81}},"24":{"start":{"line":44,"column":30},"end":{"line":52,"column":5}},"25":{"start":{"line":55,"column":4},"end":{"line":57,"column":5}},"26":{"start":{"line":56,"column":6},"end":{"line":56,"column":52}},"27":{"start":{"line":60,"column":4},"end":{"line":63,"column":5}},"28":{"start":{"line":61,"column":6},"end":{"line":61,"column":49}},"29":{"start":{"line":62,"column":6},"end":{"line":62,"column":52}},"30":{"start":{"line":65,"column":4},"end":{"line":91,"column":5}},"31":{"start":{"line":66,"column":21},"end":{"line":66,"column":68}},"32":{"start":{"line":67,"column":6},"end":{"line":67,"column":40}},"33":{"start":{"line":68,"column":6},"end":{"line":68,"column":45}},"34":{"start":{"line":70,"column":23},"end":{"line":70,"column":44}},"35":{"start":{"line":71,"column":6},"end":{"line":85,"column":7}},"36":{"start":{"line":72,"column":8},"end":{"line":84,"column":9}},"37":{"start":{"line":73,"column":26},"end":{"line":76,"column":11}},"38":{"start":{"line":77,"column":30},"end":{"line":80,"column":34}},"39":{"start":{"line":81,"column":10},"end":{"line":81,"column":55}},"40":{"start":{"line":83,"column":10},"end":{"line":83,"column":87}},"41":{"start":{"line":87,"column":6},"end":{"line":87,"column":52}},"42":{"start":{"line":89,"column":6},"end":{"line":89,"column":41}},"43":{"start":{"line":90,"column":6},"end":{"line":90,"column":45}},"44":{"start":{"line":95,"column":2},"end":{"line":121,"column":5}},"45":{"start":{"line":96,"column":23},"end":{"line":96,"column":80}},"46":{"start":{"line":97,"column":4},"end":{"line":120,"column":5}},"47":{"start":{"line":98,"column":19},"end":{"line":98,"column":59}},"48":{"start":{"line":99,"column":6},"end":{"line":115,"column":7}},"49":{"start":{"line":100,"column":8},"end":{"line":114,"column":9}},"50":{"start":{"line":101,"column":10},"end":{"line":113,"column":11}},"51":{"start":{"line":102,"column":28},"end":{"line":105,"column":13}},"52":{"start":{"line":106,"column":32},"end":{"line":109,"column":36}},"53":{"start":{"line":110,"column":12},"end":{"line":110,"column":40}},"54":{"start":{"line":112,"column":12},"end":{"line":112,"column":63}},"55":{"start":{"line":116,"column":6},"end":{"line":116,"column":72}},"56":{"start":{"line":118,"column":6},"end":{"line":118,"column":48}},"57":{"start":{"line":119,"column":6},"end":{"line":119,"column":60}},"58":{"start":{"line":123,"column":2},"end":{"line":137,"column":5}},"59":{"start":{"line":124,"column":17},"end":{"line":124,"column":31}},"60":{"start":{"line":125,"column":4},"end":{"line":127,"column":5}},"61":{"start":{"line":126,"column":6},"end":{"line":126,"column":69}},"62":{"start":{"line":129,"column":4},"end":{"line":136,"column":5}},"63":{"start":{"line":130,"column":23},"end":{"line":130,"column":44}},"64":{"start":{"line":131,"column":6},"end":{"line":131,"column":42}},"65":{"start":{"line":132,"column":6},"end":{"line":132,"column":72}},"66":{"start":{"line":134,"column":6},"end":{"line":134,"column":67}},"67":{"start":{"line":135,"column":6},"end":{"line":135,"column":60}},"68":{"start":{"line":140,"column":0},"end":{"line":140,"column":23}}},"fnMap":{"0":{"name":"route","decl":{"start":{"line":12,"column":9},"end":{"line":12,"column":14}},"loc":{"start":{"line":12,"column":20},"end":{"line":138,"column":1}},"line":12},"1":{"name":"(anonymous_1)","decl":{"start":{"line":13,"column":15},"end":{"line":13,"column":16}},"loc":{"start":{"line":13,"column":35},"end":{"line":92,"column":3}},"line":13},"2":{"name":"(anonymous_2)","decl":{"start":{"line":95,"column":23},"end":{"line":95,"column":24}},"loc":{"start":{"line":95,"column":43},"end":{"line":121,"column":3}},"line":95},"3":{"name":"(anonymous_3)","decl":{"start":{"line":123,"column":42},"end":{"line":123,"column":43}},"loc":{"start":{"line":123,"column":62},"end":{"line":137,"column":3}},"line":123}},"branchMap":{"0":{"loc":{"start":{"line":9,"column":19},"end":{"line":9,"column":66}},"type":"binary-expr","locations":[{"start":{"line":9,"column":19},"end":{"line":9,"column":45}},{"start":{"line":9,"column":49},"end":{"line":9,"column":66}}],"line":9},"1":{"loc":{"start":{"line":16,"column":23},"end":{"line":16,"column":60}},"type":"binary-expr","locations":[{"start":{"line":16,"column":23},"end":{"line":16,"column":46}},{"start":{"line":16,"column":50},"end":{"line":16,"column":60}}],"line":16},"2":{"loc":{"start":{"line":24,"column":8},"end":{"line":38,"column":9}},"type":"if","locations":[{"start":{"line":24,"column":8},"end":{"line":38,"column":9}},{"start":{},"end":{}}],"line":24},"3":{"loc":{"start":{"line":45,"column":21},"end":{"line":45,"column":31}},"type":"binary-expr","locations":[{"start":{"line":45,"column":21},"end":{"line":45,"column":25}},{"start":{"line":45,"column":29},"end":{"line":45,"column":31}}],"line":45},"4":{"loc":{"start":{"line":46,"column":24},"end":{"line":46,"column":37}},"type":"binary-expr","locations":[{"start":{"line":46,"column":24},"end":{"line":46,"column":31}},{"start":{"line":46,"column":35},"end":{"line":46,"column":37}}],"line":46},"5":{"loc":{"start":{"line":55,"column":4},"end":{"line":57,"column":5}},"type":"if","locations":[{"start":{"line":55,"column":4},"end":{"line":57,"column":5}},{"start":{},"end":{}}],"line":55},"6":{"loc":{"start":{"line":55,"column":8},"end":{"line":55,"column":25}},"type":"binary-expr","locations":[{"start":{"line":55,"column":8},"end":{"line":55,"column":13}},{"start":{"line":55,"column":17},"end":{"line":55,"column":25}}],"line":55},"7":{"loc":{"start":{"line":60,"column":4},"end":{"line":63,"column":5}},"type":"if","locations":[{"start":{"line":60,"column":4},"end":{"line":63,"column":5}},{"start":{},"end":{}}],"line":60},"8":{"loc":{"start":{"line":71,"column":6},"end":{"line":85,"column":7}},"type":"if","locations":[{"start":{"line":71,"column":6},"end":{"line":85,"column":7}},{"start":{},"end":{}}],"line":71},"9":{"loc":{"start":{"line":96,"column":23},"end":{"line":96,"column":80}},"type":"binary-expr","locations":[{"start":{"line":96,"column":23},"end":{"line":96,"column":39}},{"start":{"line":96,"column":43},"end":{"line":96,"column":66}},{"start":{"line":96,"column":70},"end":{"line":96,"column":80}}],"line":96},"10":{"loc":{"start":{"line":100,"column":8},"end":{"line":114,"column":9}},"type":"if","locations":[{"start":{"line":100,"column":8},"end":{"line":114,"column":9}},{"start":{},"end":{}}],"line":100},"11":{"loc":{"start":{"line":125,"column":4},"end":{"line":127,"column":5}},"type":"if","locations":[{"start":{"line":125,"column":4},"end":{"line":127,"column":5}},{"start":{},"end":{}}],"line":125}},"s":{"0":2,"1":2,"2":2,"3":2,"4":2,"5":2,"6":2,"7":2,"8":2,"9":2,"10":8,"11":8,"12":8,"13":8,"14":8,"15":8,"16":7,"17":7,"18":6,"19":6,"20":6,"21":5,"22":1,"23":1,"24":8,"25":8,"26":3,"27":5,"28":1,"29":1,"30":4,"31":4,"32":3,"33":3,"34":3,"35":3,"36":2,"37":2,"38":2,"39":1,"40":1,"41":3,"42":1,"43":1,"44":2,"45":4,"46":4,"47":4,"48":3,"49":4,"50":3,"51":3,"52":3,"53":2,"54":1,"55":3,"56":1,"57":1,"58":2,"59":3,"60":3,"61":1,"62":2,"63":2,"64":2,"65":1,"66":1,"67":1,"68":2},"f":{"0":2,"1":8,"2":4,"3":3},"b":{"0":[2,0],"1":[8,0],"2":[6,1],"3":[8,3],"4":[8,3],"5":[3,5],"6":[8,3],"7":[1,4],"8":[2,1],"9":[4,2,0],"10":[3,1],"11":[1,2]},"_coverageSchema":"1a1c01bbd47fc00a2c39e90264f33305004495a9","hash":"5fcfab25df81195358446299caed84d0ae57eef6"}
,"/Users/emmanuelmoulin/Documents/Projets/Ecole/Lead Dev/Archive/app/server.js": {"path":"/Users/emmanuelmoulin/Documents/Projets/Ecole/Lead Dev/Archive/app/server.js","statementMap":{"0":{"start":{"line":1,"column":16},"end":{"line":1,"column":34}},"1":{"start":{"line":2,"column":16},"end":{"line":2,"column":40}},"2":{"start":{"line":3,"column":13},"end":{"line":3,"column":28}},"3":{"start":{"line":5,"column":12},"end":{"line":5,"column":21}},"4":{"start":{"line":8,"column":0},"end":{"line":8,"column":56}},"5":{"start":{"line":9,"column":0},"end":{"line":9,"column":71}},"6":{"start":{"line":10,"column":0},"end":{"line":10,"column":77}},"7":{"start":{"line":13,"column":0},"end":{"line":13,"column":46}},"8":{"start":{"line":14,"column":0},"end":{"line":14,"column":48}},"9":{"start":{"line":15,"column":0},"end":{"line":15,"column":31}},"10":{"start":{"line":18,"column":0},"end":{"line":18,"column":24}},"11":{"start":{"line":21,"column":15},"end":{"line":21,"column":34}},"12":{"start":{"line":22,"column":0},"end":{"line":24,"column":1}},"13":{"start":{"line":23,"column":2},"end":{"line":23,"column":23}},"14":{"start":{"line":27,"column":13},"end":{"line":27,"column":37}},"15":{"start":{"line":28,"column":0},"end":{"line":31,"column":1}},"16":{"start":{"line":29,"column":2},"end":{"line":29,"column":32}},"17":{"start":{"line":30,"column":2},"end":{"line":30,"column":43}},"18":{"start":{"line":33,"column":0},"end":{"line":33,"column":21}}},"fnMap":{},"branchMap":{"0":{"loc":{"start":{"line":22,"column":0},"end":{"line":24,"column":1}},"type":"if","locations":[{"start":{"line":22,"column":0},"end":{"line":24,"column":1}},{"start":{},"end":{}}],"line":22},"1":{"loc":{"start":{"line":27,"column":13},"end":{"line":27,"column":37}},"type":"binary-expr","locations":[{"start":{"line":27,"column":13},"end":{"line":27,"column":29}},{"start":{"line":27,"column":33},"end":{"line":27,"column":37}}],"line":27},"2":{"loc":{"start":{"line":28,"column":0},"end":{"line":31,"column":1}},"type":"if","locations":[{"start":{"line":28,"column":0},"end":{"line":31,"column":1}},{"start":{},"end":{}}],"line":28}},"s":{"0":2,"1":2,"2":2,"3":2,"4":2,"5":2,"6":2,"7":2,"8":2,"9":2,"10":2,"11":2,"12":2,"13":1,"14":2,"15":2,"16":1,"17":1,"18":2},"f":{},"b":{"0":[1,1],"1":[2,1],"2":[1,1]},"_coverageSchema":"1a1c01bbd47fc00a2c39e90264f33305004495a9","hash":"7a4fb638c66bc11e14b84dd9b1121bc20228146c"}
,"/Users/emmanuelmoulin/Documents/Projets/Ecole/Lead Dev/Archive/app/worker.js": {"path":"/Users/emmanuelmoulin/Documents/Projets/Ecole/Lead Dev/Archive/app/worker.js","statementMap":{"0":{"start":{"line":1,"column":0},"end":{"line":1,"column":27}},"1":{"start":{"line":2,"column":19},"end":{"line":2,"column":50}},"2":{"start":{"line":3,"column":20},"end":{"line":3,"column":52}},"3":{"start":{"line":4,"column":18},"end":{"line":4,"column":39}},"4":{"start":{"line":5,"column":12},"end":{"line":5,"column":26}},"5":{"start":{"line":6,"column":19},"end":{"line":6,"column":43}},"6":{"start":{"line":7,"column":13},"end":{"line":7,"column":30}},"7":{"start":{"line":8,"column":17},"end":{"line":8,"column":38}},"8":{"start":{"line":9,"column":15},"end":{"line":9,"column":32}},"9":{"start":{"line":11,"column":18},"end":{"line":11,"column":60}},"10":{"start":{"line":12,"column":19},"end":{"line":12,"column":66}},"11":{"start":{"line":13,"column":18},"end":{"line":13,"column":53}},"12":{"start":{"line":14,"column":25},"end":{"line":14,"column":80}},"13":{"start":{"line":16,"column":21},"end":{"line":16,"column":46}},"14":{"start":{"line":17,"column":16},"end":{"line":17,"column":42}},"15":{"start":{"line":20,"column":23},"end":{"line":20,"column":66}},"16":{"start":{"line":22,"column":2},"end":{"line":22,"column":89}},"17":{"start":{"line":24,"column":2},"end":{"line":112,"column":5}},"18":{"start":{"line":25,"column":4},"end":{"line":25,"column":61}},"19":{"start":{"line":26,"column":4},"end":{"line":111,"column":5}},"20":{"start":{"line":27,"column":19},"end":{"line":27,"column":54}},"21":{"start":{"line":28,"column":19},"end":{"line":28,"column":28}},"22":{"start":{"line":30,"column":6},"end":{"line":34,"column":7}},"23":{"start":{"line":31,"column":8},"end":{"line":31,"column":71}},"24":{"start":{"line":32,"column":8},"end":{"line":32,"column":22}},"25":{"start":{"line":33,"column":8},"end":{"line":33,"column":15}},"26":{"start":{"line":36,"column":6},"end":{"line":36,"column":74}},"27":{"start":{"line":39,"column":21},"end":{"line":39,"column":59}},"28":{"start":{"line":40,"column":26},"end":{"line":40,"column":45}},"29":{"start":{"line":43,"column":23},"end":{"line":43,"column":89}},"30":{"start":{"line":44,"column":22},"end":{"line":44,"column":81}},"31":{"start":{"line":46,"column":21},"end":{"line":52,"column":8}},"32":{"start":{"line":54,"column":18},"end":{"line":54,"column":33}},"33":{"start":{"line":55,"column":6},"end":{"line":55,"column":23}},"34":{"start":{"line":57,"column":28},"end":{"line":61,"column":8}},"35":{"start":{"line":58,"column":8},"end":{"line":58,"column":49}},"36":{"start":{"line":58,"column":36},"end":{"line":58,"column":47}},"37":{"start":{"line":59,"column":8},"end":{"line":59,"column":49}},"38":{"start":{"line":59,"column":34},"end":{"line":59,"column":47}},"39":{"start":{"line":60,"column":8},"end":{"line":60,"column":46}},"40":{"start":{"line":60,"column":33},"end":{"line":60,"column":44}},"41":{"start":{"line":64,"column":6},"end":{"line":80,"column":7}},"42":{"start":{"line":64,"column":23},"end":{"line":64,"column":24}},"43":{"start":{"line":65,"column":22},"end":{"line":65,"column":40}},"44":{"start":{"line":66,"column":25},"end":{"line":66,"column":55}},"45":{"start":{"line":67,"column":8},"end":{"line":79,"column":9}},"46":{"start":{"line":68,"column":24},"end":{"line":68,"column":67}},"47":{"start":{"line":69,"column":27},"end":{"line":69,"column":76}},"48":{"start":{"line":70,"column":28},"end":{"line":70,"column":52}},"49":{"start":{"line":71,"column":10},"end":{"line":76,"column":13}},"50":{"start":{"line":72,"column":12},"end":{"line":75,"column":15}},"51":{"start":{"line":73,"column":14},"end":{"line":74,"column":34}},"52":{"start":{"line":73,"column":23},"end":{"line":73,"column":35}},"53":{"start":{"line":74,"column":19},"end":{"line":74,"column":34}},"54":{"start":{"line":78,"column":10},"end":{"line":78,"column":92}},"55":{"start":{"line":83,"column":6},"end":{"line":83,"column":19}},"56":{"start":{"line":84,"column":6},"end":{"line":84,"column":26}},"57":{"start":{"line":86,"column":6},"end":{"line":86,"column":89}},"58":{"start":{"line":89,"column":26},"end":{"line":89,"column":52}},"59":{"start":{"line":90,"column":6},"end":{"line":90,"column":46}},"60":{"start":{"line":92,"column":6},"end":{"line":103,"column":7}},"61":{"start":{"line":93,"column":27},"end":{"line":93,"column":64}},"62":{"start":{"line":94,"column":31},"end":{"line":94,"column":69}},"63":{"start":{"line":95,"column":8},"end":{"line":100,"column":11}},"64":{"start":{"line":102,"column":8},"end":{"line":102,"column":90}},"65":{"start":{"line":106,"column":6},"end":{"line":106,"column":20}},"66":{"start":{"line":107,"column":6},"end":{"line":107,"column":68}},"67":{"start":{"line":109,"column":6},"end":{"line":109,"column":78}},"68":{"start":{"line":110,"column":6},"end":{"line":110,"column":21}},"69":{"start":{"line":114,"column":2},"end":{"line":116,"column":5}},"70":{"start":{"line":115,"column":4},"end":{"line":115,"column":70}},"71":{"start":{"line":119,"column":0},"end":{"line":121,"column":2}}},"fnMap":{"0":{"name":"startWorker","decl":{"start":{"line":19,"column":9},"end":{"line":19,"column":20}},"loc":{"start":{"line":19,"column":23},"end":{"line":117,"column":1}},"line":19},"1":{"name":"(anonymous_1)","decl":{"start":{"line":24,"column":29},"end":{"line":24,"column":30}},"loc":{"start":{"line":24,"column":48},"end":{"line":112,"column":3}},"line":24},"2":{"name":"(anonymous_2)","decl":{"start":{"line":57,"column":40},"end":{"line":57,"column":41}},"loc":{"start":{"line":57,"column":61},"end":{"line":61,"column":7}},"line":57},"3":{"name":"(anonymous_3)","decl":{"start":{"line":58,"column":27},"end":{"line":58,"column":28}},"loc":{"start":{"line":58,"column":36},"end":{"line":58,"column":47}},"line":58},"4":{"name":"(anonymous_4)","decl":{"start":{"line":59,"column":28},"end":{"line":59,"column":29}},"loc":{"start":{"line":59,"column":34},"end":{"line":59,"column":47}},"line":59},"5":{"name":"(anonymous_5)","decl":{"start":{"line":60,"column":24},"end":{"line":60,"column":25}},"loc":{"start":{"line":60,"column":33},"end":{"line":60,"column":44}},"line":60},"6":{"name":"(anonymous_6)","decl":{"start":{"line":71,"column":28},"end":{"line":71,"column":29}},"loc":{"start":{"line":71,"column":49},"end":{"line":76,"column":11}},"line":71},"7":{"name":"(anonymous_7)","decl":{"start":{"line":72,"column":58},"end":{"line":72,"column":59}},"loc":{"start":{"line":72,"column":74},"end":{"line":75,"column":13}},"line":72},"8":{"name":"(anonymous_8)","decl":{"start":{"line":114,"column":27},"end":{"line":114,"column":28}},"loc":{"start":{"line":114,"column":38},"end":{"line":116,"column":3}},"line":114}},"branchMap":{"0":{"loc":{"start":{"line":11,"column":18},"end":{"line":11,"column":60}},"type":"binary-expr","locations":[{"start":{"line":11,"column":18},"end":{"line":11,"column":44}},{"start":{"line":11,"column":48},"end":{"line":11,"column":60}}],"line":11},"1":{"loc":{"start":{"line":12,"column":19},"end":{"line":12,"column":66}},"type":"binary-expr","locations":[{"start":{"line":12,"column":19},"end":{"line":12,"column":45}},{"start":{"line":12,"column":49},"end":{"line":12,"column":66}}],"line":12},"2":{"loc":{"start":{"line":13,"column":18},"end":{"line":13,"column":53}},"type":"binary-expr","locations":[{"start":{"line":13,"column":18},"end":{"line":13,"column":46}},{"start":{"line":13,"column":50},"end":{"line":13,"column":53}}],"line":13},"3":{"loc":{"start":{"line":14,"column":25},"end":{"line":14,"column":80}},"type":"binary-expr","locations":[{"start":{"line":14,"column":25},"end":{"line":14,"column":56}},{"start":{"line":14,"column":60},"end":{"line":14,"column":80}}],"line":14},"4":{"loc":{"start":{"line":30,"column":6},"end":{"line":34,"column":7}},"type":"if","locations":[{"start":{"line":30,"column":6},"end":{"line":34,"column":7}},{"start":{},"end":{}}],"line":30},"5":{"loc":{"start":{"line":66,"column":25},"end":{"line":66,"column":55}},"type":"binary-expr","locations":[{"start":{"line":66,"column":25},"end":{"line":66,"column":38}},{"start":{"line":66,"column":42},"end":{"line":66,"column":55}}],"line":66},"6":{"loc":{"start":{"line":68,"column":24},"end":{"line":68,"column":67}},"type":"binary-expr","locations":[{"start":{"line":68,"column":24},"end":{"line":68,"column":31}},{"start":{"line":68,"column":36},"end":{"line":68,"column":47}},{"start":{"line":68,"column":51},"end":{"line":68,"column":66}}],"line":68},"7":{"loc":{"start":{"line":73,"column":14},"end":{"line":74,"column":34}},"type":"if","locations":[{"start":{"line":73,"column":14},"end":{"line":74,"column":34}},{"start":{"line":74,"column":19},"end":{"line":74,"column":34}}],"line":73},"8":{"loc":{"start":{"line":93,"column":27},"end":{"line":93,"column":64}},"type":"binary-expr","locations":[{"start":{"line":93,"column":27},"end":{"line":93,"column":50}},{"start":{"line":93,"column":54},"end":{"line":93,"column":64}}],"line":93}},"s":{"0":2,"1":2,"2":2,"3":2,"4":2,"5":2,"6":2,"7":2,"8":2,"9":2,"10":2,"11":2,"12":2,"13":2,"14":2,"15":9,"16":9,"17":9,"18":8,"19":8,"20":8,"21":8,"22":8,"23":1,"24":1,"25":1,"26":7,"27":7,"28":6,"29":6,"30":6,"31":6,"32":6,"33":6,"34":6,"35":6,"36":1,"37":6,"38":5,"39":6,"40":0,"41":6,"42":6,"43":11,"44":11,"45":11,"46":11,"47":11,"48":10,"49":10,"50":10,"51":10,"52":2,"53":8,"54":3,"55":6,"56":6,"57":5,"58":5,"59":5,"60":5,"61":5,"62":5,"63":5,"64":1,"65":5,"66":5,"67":2,"68":2,"69":9,"70":1,"71":2},"f":{"0":9,"1":8,"2":6,"3":1,"4":5,"5":0,"6":10,"7":10,"8":1},"b":{"0":[2,0],"1":[2,0],"2":[2,0],"3":[2,2],"4":[1,7],"5":[11,6],"6":[11,0,0],"7":[2,8],"8":[5,4]},"_coverageSchema":"1a1c01bbd47fc00a2c39e90264f33305004495a9","hash":"3b44d569e124875ca1b924a3aff2fe94aab76370"}
}
