TN:
SF:app/form_validator.js
FN:1,isValidCommaDelimitedList
FN:7,isValidTagmode
FN:11,hasValidFlickrAPIParams
FNF:3
FNH:3
FNDA:10,isValidCommaDelimitedList
FNDA:7,isValidTagmode
FNDA:6,hasValidFlickrAPIParams
DA:3,10
DA:4,10
DA:8,7
DA:12,6
DA:15,2
LF:5
LH:5
BRDA:8,0,0,7
BRDA:8,0,1,3
BRDA:12,1,0,6
BRDA:12,1,1,4
BRF:4
BRH:4
end_of_record
TN:
SF:app/jobs.js
FN:4,(anonymous_0)
FN:7,(anonymous_1)
FN:10,(anonymous_2)
FNF:3
FNH:1
FNDA:0,(anonymous_0)
FNDA:1,(anonymous_1)
FNDA:0,(anonymous_2)
DA:1,1
DA:3,1
DA:5,0
DA:8,1
DA:11,0
LF:5
LH:3
BRF:0
BRH:0
end_of_record
TN:
SF:app/jsonp_helper.js
FN:1,parseJSONP
FNF:1
FNH:1
FNDA:5,parseJSONP
DA:2,5
DA:3,5
DA:4,5
DA:5,5
DA:8,5
DA:10,5
DA:12,2
DA:13,2
DA:17,4
LF:9
LH:9
BRF:0
BRH:0
end_of_record
TN:
SF:app/photo_model.js
FN:5,getFlickrPhotos
FN:10,(anonymous_1)
FN:13,(anonymous_2)
FNF:3
FNH:3
FNDA:3,getFlickrPhotos
FNDA:2,(anonymous_1)
FNDA:2,(anonymous_2)
DA:1,3
DA:2,3
DA:3,3
DA:6,3
DA:8,3
DA:10,3
DA:11,2
DA:13,1
DA:14,2
DA:15,2
DA:18,1
DA:22,3
LF:12
LH:12
BRF:0
BRH:0
end_of_record
TN:
SF:app/producer.js
FN:7,publishMessage
FNF:1
FNH:1
FNDA:3,publishMessage
DA:1,3
DA:2,3
DA:4,3
DA:5,3
DA:8,3
DA:9,3
DA:11,3
DA:13,3
DA:14,3
DA:17,2
DA:18,2
DA:20,1
DA:21,1
DA:25,3
LF:14
LH:14
BRDA:8,0,0,3
BRDA:8,0,1,2
BRF:2
BRH:2
end_of_record
TN:
SF:app/route.js
FN:10,route
FN:11,(anonymous_1)
FN:64,(anonymous_2)
FNF:3
FNH:3
FNDA:1,route
FNDA:4,(anonymous_1)
FNDA:3,(anonymous_2)
DA:1,1
DA:2,1
DA:3,1
DA:4,1
DA:5,1
DA:7,1
DA:8,1
DA:11,1
DA:12,4
DA:13,4
DA:15,4
DA:25,4
DA:26,1
DA:30,3
DA:31,1
DA:32,1
DA:35,2
DA:36,2
DA:37,1
DA:38,1
DA:40,1
DA:41,1
DA:42,0
DA:43,0
DA:47,0
DA:51,0
DA:53,0
DA:57,1
DA:59,1
DA:60,1
DA:64,1
DA:65,3
DA:66,3
DA:67,1
DA:70,2
DA:71,2
DA:72,2
DA:73,1
DA:75,1
DA:76,1
DA:81,1
LF:41
LH:36
BRDA:7,0,0,1
BRDA:7,0,1,1
BRDA:16,1,0,4
BRDA:16,1,1,1
BRDA:17,2,0,4
BRDA:17,2,1,1
BRDA:25,3,0,1
BRDA:25,3,1,3
BRDA:25,4,0,4
BRDA:25,4,1,1
BRDA:30,5,0,1
BRDA:30,5,1,2
BRDA:41,6,0,0
BRDA:41,6,1,1
BRDA:66,7,0,1
BRDA:66,7,1,2
BRF:16
BRH:15
end_of_record
TN:
SF:app/server.js
FNF:0
FNH:0
DA:1,1
DA:2,1
DA:3,1
DA:5,1
DA:8,1
DA:9,1
DA:10,1
DA:13,1
DA:14,1
DA:15,1
DA:18,1
DA:21,1
DA:22,1
DA:25,1
DA:26,1
DA:27,1
DA:29,1
LF:17
LH:17
BRDA:25,0,0,1
BRDA:25,0,1,1
BRF:2
BRH:2
end_of_record
TN:
SF:app/worker.js
FN:17,startWorker
FN:22,(anonymous_1)
FN:69,(anonymous_2)
FN:70,(anonymous_3)
FN:71,(anonymous_4)
FN:89,(anonymous_5)
FNF:6
FNH:1
FNDA:1,startWorker
FNDA:0,(anonymous_1)
FNDA:0,(anonymous_2)
FNDA:0,(anonymous_3)
FNDA:0,(anonymous_4)
FNDA:0,(anonymous_5)
DA:1,1
DA:2,1
DA:3,1
DA:4,1
DA:5,1
DA:6,1
DA:7,1
DA:9,1
DA:10,1
DA:11,1
DA:12,1
DA:14,1
DA:15,1
DA:18,1
DA:20,1
DA:22,1
DA:23,0
DA:24,0
DA:25,0
DA:26,0
DA:28,0
DA:29,0
DA:30,0
DA:31,0
DA:34,0
DA:37,0
DA:38,0
DA:41,0
DA:42,0
DA:43,0
DA:44,0
DA:45,0
DA:46,0
DA:47,0
DA:48,0
DA:49,0
DA:51,0
DA:55,0
DA:58,0
DA:59,0
DA:61,0
DA:69,0
DA:70,0
DA:71,0
DA:72,0
DA:75,0
DA:78,0
DA:81,0
DA:82,0
DA:84,0
DA:85,0
DA:89,1
DA:90,0
DA:94,1
LF:54
LH:18
BRDA:9,0,0,1
BRDA:9,0,1,0
BRDA:10,1,0,1
BRDA:10,1,1,0
BRDA:11,2,0,1
BRDA:11,2,1,0
BRDA:12,3,0,1
BRDA:12,3,1,1
BRDA:28,4,0,0
BRDA:28,4,1,0
BRDA:44,5,0,0
BRDA:44,5,1,0
BRDA:46,6,0,0
BRDA:46,6,1,0
BRDA:46,6,2,0
BRF:15
BRH:5
end_of_record
