TN:
SF:app/firebase.js
FN:14,(anonymous_0)
FN:14,(anonymous_1)
FN:14,(anonymous_2)
FN:14,(anonymous_3)
FN:16,saveZip
FN:27,getZipsByUser
FN:36,(anonymous_6)
FN:39,(anonymous_7)
FNF:8
FNH:4
FNDA:0,(anonymous_0)
FNDA:0,(anonymous_1)
FNDA:0,(anonymous_2)
FNDA:0,(anonymous_3)
FNDA:2,saveZip
FNDA:15,getZipsByUser
FNDA:11,(anonymous_6)
FNDA:13,(anonymous_7)
DA:1,3
DA:2,3
DA:4,3
DA:6,3
DA:7,3
DA:8,3
DA:9,2
DA:11,3
DA:14,3
DA:17,2
DA:18,2
DA:19,2
DA:21,2
DA:22,2
DA:23,2
DA:24,2
DA:28,15
DA:29,15
DA:30,13
DA:31,13
DA:32,2
DA:35,11
DA:36,11
DA:37,11
DA:38,11
DA:39,11
DA:40,13
DA:41,13
DA:42,12
DA:52,11
DA:55,3
LF:31
LH:31
BRDA:4,0,0,3
BRDA:4,0,1,0
BRDA:6,1,0,3
BRDA:6,1,1,0
BRDA:6,2,0,3
BRDA:6,2,1,2
BRDA:8,3,0,2
BRDA:8,3,1,1
BRDA:8,4,0,3
BRDA:8,4,1,2
BRDA:14,5,0,2
BRDA:14,5,1,1
BRDA:17,6,0,2
BRDA:17,6,1,1
BRDA:18,7,0,2
BRDA:18,7,1,1
BRDA:28,8,0,15
BRDA:28,8,1,1
BRDA:31,9,0,2
BRDA:31,9,1,11
BRDA:38,10,0,11
BRDA:38,10,1,0
BRDA:38,11,0,11
BRDA:38,11,1,11
BRDA:41,12,0,12
BRDA:41,12,1,1
BRDA:41,13,0,13
BRDA:41,13,1,12
BRF:28
BRH:25
end_of_record
TN:
SF:app/form_validator.js
FN:1,isValidCommaDelimitedList
FN:7,isValidTagmode
FN:11,hasValidFlickrAPIParams
FNF:3
FNH:3
FNDA:12,isValidCommaDelimitedList
FNDA:9,isValidTagmode
FNDA:8,hasValidFlickrAPIParams
DA:3,12
DA:4,12
DA:8,9
DA:12,8
DA:15,3
LF:5
LH:5
BRDA:8,0,0,9
BRDA:8,0,1,3
BRDA:12,1,0,8
BRDA:12,1,1,6
BRF:4
BRH:4
end_of_record
TN:
SF:app/jobs.js
FN:4,(anonymous_0)
FN:7,(anonymous_1)
FN:10,(anonymous_2)
FNF:3
FNH:3
FNDA:7,(anonymous_0)
FNDA:5,(anonymous_1)
FNDA:2,(anonymous_2)
DA:1,4
DA:3,4
DA:5,7
DA:8,5
DA:11,2
LF:5
LH:5
BRF:0
BRH:0
end_of_record
TN:
SF:app/jsonp_helper.js
FN:1,parseJSONP
FNF:1
FNH:1
FNDA:5,parseJSONP
DA:2,5
DA:3,5
DA:4,5
DA:5,5
DA:8,5
DA:10,5
DA:12,2
DA:13,2
DA:17,5
LF:9
LH:9
BRF:0
BRH:0
end_of_record
TN:
SF:app/photo_model.js
FN:5,getFlickrPhotos
FN:10,(anonymous_1)
FN:13,(anonymous_2)
FNF:3
FNH:3
FNDA:3,getFlickrPhotos
FNDA:2,(anonymous_1)
FNDA:2,(anonymous_2)
DA:1,4
DA:2,4
DA:3,4
DA:6,3
DA:8,3
DA:10,3
DA:11,2
DA:13,1
DA:14,2
DA:15,2
DA:18,1
DA:22,4
LF:12
LH:12
BRF:0
BRH:0
end_of_record
TN:
SF:app/producer.js
FN:7,publishMessage
FNF:1
FNH:1
FNDA:3,publishMessage
DA:1,3
DA:2,3
DA:4,3
DA:5,3
DA:8,3
DA:9,3
DA:11,3
DA:13,3
DA:14,3
DA:17,2
DA:18,2
DA:20,1
DA:21,1
DA:25,3
LF:14
LH:14
BRDA:8,0,0,3
BRDA:8,0,1,2
BRF:2
BRH:2
end_of_record
TN:
SF:app/route.js
FN:11,route
FN:12,(anonymous_1)
FN:95,(anonymous_2)
FN:123,(anonymous_3)
FNF:4
FNH:4
FNDA:2,route
FNDA:8,(anonymous_1)
FNDA:4,(anonymous_2)
FNDA:3,(anonymous_3)
DA:1,2
DA:2,2
DA:3,2
DA:4,2
DA:5,2
DA:6,2
DA:8,2
DA:9,2
DA:12,2
DA:13,8
DA:14,8
DA:15,8
DA:18,8
DA:19,8
DA:20,8
DA:22,7
DA:23,7
DA:24,6
DA:25,6
DA:29,6
DA:33,5
DA:35,1
DA:40,1
DA:43,8
DA:55,8
DA:56,3
DA:60,5
DA:61,1
DA:62,1
DA:65,4
DA:66,4
DA:67,3
DA:68,3
DA:70,3
DA:71,3
DA:72,2
DA:73,2
DA:77,2
DA:81,1
DA:83,1
DA:87,3
DA:89,1
DA:90,1
DA:95,2
DA:96,4
DA:97,4
DA:98,4
DA:99,3
DA:100,4
DA:101,3
DA:102,3
DA:106,3
DA:110,2
DA:112,1
DA:116,3
DA:118,1
DA:119,1
DA:123,2
DA:124,3
DA:125,3
DA:126,1
DA:129,2
DA:130,2
DA:131,2
DA:132,1
DA:134,1
DA:135,1
DA:140,2
LF:68
LH:68
BRDA:8,0,0,2
BRDA:8,0,1,0
BRDA:15,1,0,8
BRDA:15,1,1,0
BRDA:23,2,0,6
BRDA:23,2,1,1
BRDA:44,3,0,8
BRDA:44,3,1,3
BRDA:45,4,0,8
BRDA:45,4,1,3
BRDA:51,5,0,8
BRDA:51,5,1,8
BRDA:55,6,0,3
BRDA:55,6,1,5
BRDA:55,7,0,8
BRDA:55,7,1,3
BRDA:60,8,0,1
BRDA:60,8,1,4
BRDA:71,9,0,2
BRDA:71,9,1,1
BRDA:96,10,0,4
BRDA:96,10,1,2
BRDA:96,10,2,0
BRDA:100,11,0,3
BRDA:100,11,1,1
BRDA:125,12,0,1
BRDA:125,12,1,2
BRF:27
BRH:24
end_of_record
TN:
SF:app/server.js
FNF:0
FNH:0
DA:1,2
DA:2,2
DA:3,2
DA:5,2
DA:8,2
DA:9,2
DA:10,2
DA:13,2
DA:14,2
DA:15,2
DA:18,2
DA:21,2
DA:22,2
DA:23,1
DA:27,2
DA:28,2
DA:29,2
DA:31,2
LF:18
LH:18
BRDA:22,0,0,1
BRDA:22,0,1,1
BRDA:27,1,0,2
BRDA:27,1,1,2
BRF:4
BRH:4
end_of_record
TN:
SF:app/worker.js
FN:19,startWorker
FN:24,(anonymous_1)
FN:57,(anonymous_2)
FN:58,(anonymous_3)
FN:59,(anonymous_4)
FN:60,(anonymous_5)
FN:71,(anonymous_6)
FN:72,(anonymous_7)
FN:114,(anonymous_8)
FNF:9
FNH:7
FNDA:7,startWorker
FNDA:6,(anonymous_1)
FNDA:4,(anonymous_2)
FNDA:0,(anonymous_3)
FNDA:4,(anonymous_4)
FNDA:0,(anonymous_5)
FNDA:6,(anonymous_6)
FNDA:6,(anonymous_7)
FNDA:1,(anonymous_8)
DA:1,2
DA:2,2
DA:3,2
DA:4,2
DA:5,2
DA:6,2
DA:7,2
DA:8,2
DA:9,2
DA:11,2
DA:12,2
DA:13,2
DA:14,2
DA:16,2
DA:17,2
DA:20,7
DA:22,7
DA:24,7
DA:25,6
DA:26,6
DA:27,6
DA:28,6
DA:30,6
DA:31,1
DA:32,1
DA:33,1
DA:36,5
DA:39,5
DA:40,4
DA:43,4
DA:44,4
DA:46,4
DA:54,4
DA:55,4
DA:57,4
DA:58,4
DA:59,4
DA:60,4
DA:64,4
DA:65,7
DA:66,7
DA:67,7
DA:68,7
DA:69,7
DA:70,6
DA:71,6
DA:72,6
DA:73,6
DA:74,6
DA:78,1
DA:83,4
DA:84,4
DA:86,4
DA:89,4
DA:90,4
DA:92,4
DA:93,4
DA:94,4
DA:95,4
DA:102,1
DA:106,4
DA:107,4
DA:109,1
DA:110,1
DA:114,7
DA:115,1
DA:119,2
LF:67
LH:67
BRDA:11,0,0,2
BRDA:11,0,1,0
BRDA:12,1,0,2
BRDA:12,1,1,0
BRDA:13,2,0,2
BRDA:13,2,1,0
BRDA:14,3,0,2
BRDA:14,3,1,2
BRDA:30,4,0,1
BRDA:30,4,1,5
BRDA:66,5,0,7
BRDA:66,5,1,4
BRDA:68,6,0,7
BRDA:68,6,1,0
BRDA:68,6,2,0
BRDA:73,7,0,0
BRDA:73,7,1,6
BRDA:93,8,0,4
BRDA:93,8,1,3
BRF:19
BRH:13
end_of_record
